{
  "RSpec": {
    "coverage": {
      "/home/rogerio/projetos/cashback-service/config/environment.rb": {
        "lines": [
          null,
          1,
          null,
          null,
          1
        ]
      },
      "/home/rogerio/projetos/cashback-service/config/application.rb": {
        "lines": [
          1,
          null,
          1,
          null,
          null,
          null,
          1,
          null,
          1,
          1,
          null,
          1,
          1,
          1,
          1,
          null,
          null,
          null,
          null,
          null,
          null,
          null
        ]
      },
      "/home/rogerio/projetos/cashback-service/config/boot.rb": {
        "lines": [
          1,
          null,
          1,
          1
        ]
      },
      "/home/rogerio/projetos/cashback-service/app/command/offer_filter.rb": {
        "lines": [
          1,
          1,
          5,
          null,
          null,
          null
        ]
      },
      "/home/rogerio/projetos/cashback-service/config/environments/test.rb": {
        "lines": [
          null,
          null,
          null,
          null,
          null,
          1,
          null,
          null,
          1,
          1,
          null,
          null,
          null,
          null,
          1,
          null,
          null,
          1,
          1,
          null,
          null,
          null,
          null,
          1,
          1,
          1,
          null,
          null,
          1,
          null,
          null,
          1,
          null,
          null,
          1,
          null,
          1,
          null,
          null,
          null,
          null,
          1,
          null,
          null,
          1,
          null,
          null,
          null,
          null
        ]
      },
      "/home/rogerio/projetos/cashback-service/config/initializers/application_controller_renderer.rb": {
        "lines": [
          null,
          null,
          null,
          null,
          null,
          null,
          null,
          null
        ]
      },
      "/home/rogerio/projetos/cashback-service/config/initializers/assets.rb": {
        "lines": [
          null,
          null,
          null,
          1,
          null,
          null,
          null,
          null,
          1,
          null,
          null,
          null,
          null,
          null
        ]
      },
      "/home/rogerio/projetos/cashback-service/config/initializers/backtrace_silencers.rb": {
        "lines": [
          null,
          null,
          null,
          null,
          null,
          null,
          null
        ]
      },
      "/home/rogerio/projetos/cashback-service/config/initializers/content_security_policy.rb": {
        "lines": [
          null,
          null,
          null,
          null,
          null,
          null,
          null,
          null,
          null,
          null,
          null,
          null,
          null,
          null,
          null,
          null,
          null,
          null,
          null,
          null,
          null,
          null,
          null,
          null,
          null,
          null,
          null,
          null,
          null,
          null
        ]
      },
      "/home/rogerio/projetos/cashback-service/config/initializers/cookies_serializer.rb": {
        "lines": [
          null,
          null,
          null,
          null,
          1
        ]
      },
      "/home/rogerio/projetos/cashback-service/config/initializers/filter_parameter_logging.rb": {
        "lines": [
          null,
          null,
          null,
          1
        ]
      },
      "/home/rogerio/projetos/cashback-service/config/initializers/inflections.rb": {
        "lines": [
          null,
          null,
          null,
          null,
          null,
          null,
          null,
          null,
          null,
          null,
          null,
          null,
          null,
          null,
          null,
          null
        ]
      },
      "/home/rogerio/projetos/cashback-service/config/initializers/mime_types.rb": {
        "lines": [
          null,
          null,
          null,
          null
        ]
      },
      "/home/rogerio/projetos/cashback-service/config/initializers/wrap_parameters.rb": {
        "lines": [
          null,
          null,
          null,
          null,
          null,
          null,
          1,
          2,
          null,
          null,
          null,
          null,
          null,
          null
        ]
      },
      "/home/rogerio/projetos/cashback-service/config/routes.rb": {
        "lines": [
          1,
          1,
          1,
          1,
          null,
          1,
          1,
          1,
          1,
          null,
          1,
          1,
          1,
          null
        ]
      },
      "/home/rogerio/projetos/cashback-service/app/helpers/application_helper.rb": {
        "lines": [
          1
        ]
      },
      "/home/rogerio/projetos/cashback-service/app/helpers/sessions_helper.rb": {
        "lines": [
          1,
          null
        ]
      },
      "/home/rogerio/projetos/cashback-service/app/controllers/application_controller.rb": {
        "lines": [
          1,
          1,
          1,
          1,
          11,
          6,
          null,
          5,
          null,
          null,
          null,
          1,
          7,
          7,
          null,
          null
        ]
      },
      "/home/rogerio/projetos/cashback-service/app/controllers/admin_controller.rb": {
        "lines": [
          1,
          1,
          2,
          null,
          null
        ]
      },
      "/home/rogerio/projetos/cashback-service/app/controllers/sessions_controller.rb": {
        "lines": [
          1,
          1,
          1,
          6,
          null,
          null,
          1,
          3,
          3,
          2,
          2,
          null,
          1,
          null,
          null,
          null,
          1,
          1,
          1,
          null,
          null
        ]
      },
      "/home/rogerio/projetos/cashback-service/app/models/user.rb": {
        "lines": [
          1,
          1,
          null,
          1,
          null
        ]
      },
      "/home/rogerio/projetos/cashback-service/app/models/application_record.rb": {
        "lines": [
          1,
          1,
          null
        ]
      },
      "/home/rogerio/projetos/cashback-service/app/models/offer.rb": {
        "lines": [
          1,
          1,
          null,
          1,
          0,
          null,
          null
        ]
      },
      "/home/rogerio/projetos/cashback-service/app/controllers/home_controller.rb": {
        "lines": [
          1,
          1,
          1,
          2,
          null,
          null
        ]
      }
    },
    "timestamp": 1589684562
  }
}
